[2025-10-12T19:07:26.708+0000] {manager.py:483} INFO - Processing files using up to 2 processes at a time 
[2025-10-12T19:07:26.708+0000] {manager.py:484} INFO - Process each file at most once every 30 seconds
[2025-10-12T19:07:26.709+0000] {manager.py:485} INFO - Checking for new files in /opt/airflow/dags every 300 seconds
[2025-10-12T19:07:26.709+0000] {manager.py:821} INFO - Searching for files in /opt/airflow/dags
[2025-10-12T19:07:26.711+0000] {manager.py:824} INFO - There are 0 files in /opt/airflow/dags
[2025-10-12T19:12:26.907+0000] {manager.py:821} INFO - Searching for files in /opt/airflow/dags
[2025-10-12T19:12:26.908+0000] {manager.py:824} INFO - There are 0 files in /opt/airflow/dags
[2025-10-12T19:17:26.925+0000] {manager.py:821} INFO - Searching for files in /opt/airflow/dags
[2025-10-12T19:17:26.927+0000] {manager.py:824} INFO - There are 0 files in /opt/airflow/dags
[2025-10-12T19:22:27.841+0000] {manager.py:821} INFO - Searching for files in /opt/airflow/dags
[2025-10-12T19:22:27.842+0000] {manager.py:824} INFO - There are 0 files in /opt/airflow/dags
[2025-10-12T19:27:27.865+0000] {manager.py:821} INFO - Searching for files in /opt/airflow/dags
[2025-10-12T19:27:27.867+0000] {manager.py:824} INFO - There are 0 files in /opt/airflow/dags
[2025-10-12T19:32:28.220+0000] {manager.py:821} INFO - Searching for files in /opt/airflow/dags
[2025-10-12T19:32:28.223+0000] {manager.py:824} INFO - There are 0 files in /opt/airflow/dags
[2025-10-12T19:33:40.347+0000] {manager.py:465} INFO - Exiting gracefully upon receiving signal 15
[2025-10-12T19:45:44.949+0000] {manager.py:483} INFO - Processing files using up to 2 processes at a time 
[2025-10-12T19:45:44.952+0000] {manager.py:484} INFO - Process each file at most once every 30 seconds
[2025-10-12T19:45:44.953+0000] {manager.py:485} INFO - Checking for new files in /opt/airflow/dags every 300 seconds
[2025-10-12T19:45:44.953+0000] {manager.py:821} INFO - Searching for files in /opt/airflow/dags
[2025-10-12T19:45:44.954+0000] {manager.py:824} INFO - There are 0 files in /opt/airflow/dags
[2025-10-12T19:50:46.394+0000] {manager.py:821} INFO - Searching for files in /opt/airflow/dags
[2025-10-12T19:50:46.396+0000] {manager.py:824} INFO - There are 0 files in /opt/airflow/dags
[2025-10-12T19:55:46.495+0000] {manager.py:821} INFO - Searching for files in /opt/airflow/dags
[2025-10-12T19:55:46.497+0000] {manager.py:824} INFO - There are 0 files in /opt/airflow/dags
[2025-10-12T19:59:08.555+0000] {manager.py:465} INFO - Exiting gracefully upon receiving signal 15
[2025-10-12T20:03:24.715+0000] {manager.py:483} INFO - Processing files using up to 2 processes at a time 
[2025-10-12T20:03:24.716+0000] {manager.py:484} INFO - Process each file at most once every 30 seconds
[2025-10-12T20:03:24.717+0000] {manager.py:485} INFO - Checking for new files in /opt/airflow/dags every 300 seconds
[2025-10-12T20:03:24.717+0000] {manager.py:821} INFO - Searching for files in /opt/airflow/dags
[2025-10-12T20:03:24.718+0000] {manager.py:824} INFO - There are 0 files in /opt/airflow/dags
[2025-10-12T20:08:25.563+0000] {manager.py:821} INFO - Searching for files in /opt/airflow/dags
[2025-10-12T20:08:25.564+0000] {manager.py:824} INFO - There are 0 files in /opt/airflow/dags
